<?xml version="1.0" encoding="UTF-8"?>
<!-- Generated by org.testng.reporters.JUnitReportReporter -->
<testsuite hostname="LIN-H8PT2F3" failures="0" tests="6" name="Runner.Consultrunner" time="0.179" errors="0" timestamp="2 Apr 2024 04:22:19 GMT">
  <testcase classname="Runner.Consultrunner" name="runScenario" time="0.136"/>
  <testcase classname="Runner.Consultrunner" name="runScenario" time="0.005"/>
  <testcase classname="Runner.Consultrunner" name="runScenario" time="0.013"/>
  <testcase classname="Runner.Consultrunner" name="runScenario" time="0.008"/>
  <testcase classname="Runner.Consultrunner" name="runScenario" time="0.009"/>
  <testcase classname="Runner.Consultrunner" name="runScenario" time="0.008"/>
</testsuite> <!-- Runner.Consultrunner -->
